#
# There is insufficient memory for the Java Runtime Environment to continue.
# Native memory allocation (malloc) failed to allocate 1029776 bytes for Chunk::new
# Possible reasons:
#   The system is out of physical RAM or swap space
#   The process is running with CompressedOops enabled, and the Java Heap may be blocking the growth of the native heap
# Possible solutions:
#   Reduce memory load on the system
#   Increase physical memory or swap space
#   Check if swap backing store is full
#   Decrease Java heap size (-Xmx/-Xms)
#   Decrease number of Java threads
#   Decrease Java thread stack sizes (-Xss)
#   Set larger code cache with -XX:ReservedCodeCacheSize=
#   JVM is running with Unscaled Compressed Oops mode in which the Java heap is
#     placed in the first 4GB address space. The Java Heap base address is the
#     maximum limit for the native heap growth. Please use -XX:HeapBaseMinAddress
#     to set the Java Heap base and to place the Java Heap above 4GB virtual address.
# This output file may be truncated or incomplete.
#
#  Out of Memory Error (allocation.cpp:389), pid=29980, tid=0x00000000000054b0
#
# JRE version: OpenJDK Runtime Environment (8.0_202-b03) (build 1.8.0_202-release-1483-b03)
# Java VM: OpenJDK 64-Bit Server VM (25.202-b03 mixed mode windows-amd64 compressed oops)
# Failed to write core dump. Minidumps are not enabled by default on client versions of Windows
#

---------------  T H R E A D  ---------------

Current thread (0x0000000015f3e000):  JavaThread "C2 CompilerThread0" daemon [_thread_in_native, id=21680, stack(0x0000000017590000,0x0000000017690000)]

Stack: [0x0000000017590000,0x0000000017690000]
[error occurred during error reporting (printing stack bounds), id 0xc0000005]

Native frames: (J=compiled Java code, j=interpreted, Vv=VM code, C=native code)


Current CompileTask:
C2:  51355 4590       4       com.sun.beans.TypeResolver::resolve (37 bytes)


---------------  P R O C E S S  ---------------

Java Threads: ( => current thread )
  0x00000000182b8800 JavaThread "Cache worker for Build Output Cleanup Cache (C:\Users\HP\AndroidStudioProjects\DashBoardSplashScreen\.gradle\buildOutputCleanup)" [_thread_blocked, id=8568, stack(0x0000000021080000,0x0000000021180000)]
  0x00000000182b5800 JavaThread "Build operations Thread 4" [_thread_blocked, id=29416, stack(0x0000000020980000,0x0000000020a80000)]
  0x0000000017fde800 JavaThread "Build operations Thread 3" [_thread_blocked, id=23572, stack(0x0000000020720000,0x0000000020820000)]
  0x0000000017fe0800 JavaThread "Build operations Thread 2" [_thread_blocked, id=3540, stack(0x0000000020620000,0x0000000020720000)]
  0x000000001b9ff800 JavaThread "Build operations" [_thread_blocked, id=23512, stack(0x0000000020520000,0x0000000020620000)]
  0x000000001b9fe800 JavaThread "Cache worker for cache directory md-rule (C:\Users\HP\.gradle\caches\5.4.1\md-rule)" [_thread_blocked, id=23248, stack(0x0000000020420000,0x0000000020520000)]
  0x000000001b9fe000 JavaThread "Cache worker for cache directory md-supplier (C:\Users\HP\.gradle\caches\5.4.1\md-supplier)" [_thread_blocked, id=12708, stack(0x0000000020320000,0x0000000020420000)]
  0x000000001b9fd000 JavaThread "Cache worker for file hash cache (C:\Users\HP\AndroidStudioProjects\DashBoardSplashScreen\.gradle\5.4.1\fileHashes)" [_thread_blocked, id=22224, stack(0x000000001fef0000,0x000000001fff0000)]
  0x000000001b9fb800 JavaThread "Thread-24" [_thread_blocked, id=23508, stack(0x000000001fdf0000,0x000000001fef0000)]
  0x000000001b9fa000 JavaThread "Stdin handler" [_thread_blocked, id=28236, stack(0x000000001de50000,0x000000001df50000)]
  0x000000001b9fc800 JavaThread "Asynchronous log dispatcher for DefaultDaemonConnection: socket connection from /127.0.0.1:65211 to /127.0.0.1:65284" [_thread_blocked, id=1588, stack(0x000000001a7e0000,0x000000001a8e0000)]
  0x000000001ba00800 JavaThread "Cancel handler" [_thread_blocked, id=27308, stack(0x000000001a6e0000,0x000000001a7e0000)]
  0x000000001b9fb000 JavaThread "Handler for socket connection from /127.0.0.1:65211 to /127.0.0.1:65284" [_thread_in_native, id=27952, stack(0x000000001a5e0000,0x000000001a6e0000)]
  0x000000001ba01000 JavaThread "Cache worker for execution history cache (C:\Users\HP\.gradle\caches\5.4.1\executionHistory)" [_thread_blocked, id=24712, stack(0x0000000020020000,0x0000000020120000)]
  0x0000000017fdd800 JavaThread "Cache worker for journal cache (C:\Users\HP\.gradle\caches\journal-1)" [_thread_blocked, id=18936, stack(0x000000001aae0000,0x000000001abe0000)]
  0x0000000017fe4800 JavaThread "File lock request listener" [_thread_in_native, id=9780, stack(0x000000001a9e0000,0x000000001aae0000)]
  0x0000000017fe3800 JavaThread "Cache worker for file hash cache (C:\Users\HP\.gradle\caches\5.4.1\fileHashes)" [_thread_blocked, id=21660, stack(0x000000001a8e0000,0x000000001a9e0000)]
  0x00000000192be000 JavaThread "Daemon worker" [_thread_in_vm, id=19048, stack(0x000000001a4e0000,0x000000001a5e0000)]
  0x00000000192aa800 JavaThread "Daemon" [_thread_blocked, id=19980, stack(0x0000000019fe0000,0x000000001a0e0000)]
  0x000000001914d000 JavaThread "Daemon periodic checks" [_thread_blocked, id=25924, stack(0x0000000019ee0000,0x0000000019fe0000)]
  0x000000001925d000 JavaThread "Incoming local TCP Connector on port 65211" [_thread_in_native, id=30096, stack(0x0000000019ca0000,0x0000000019da0000)]
  0x0000000018cde000 JavaThread "Daemon health stats" [_thread_blocked, id=29808, stack(0x0000000019660000,0x0000000019760000)]
  0x0000000015f9e800 JavaThread "Service Thread" daemon [_thread_blocked, id=26328, stack(0x0000000017c90000,0x0000000017d90000)]
  0x0000000015f6a800 JavaThread "C1 CompilerThread2" daemon [_thread_blocked, id=9980, stack(0x0000000017790000,0x0000000017890000)]
  0x0000000015f42800 JavaThread "C2 CompilerThread1" daemon [_thread_in_native, id=14068, stack(0x0000000017690000,0x0000000017790000)]
=>0x0000000015f3e000 JavaThread "C2 CompilerThread0" daemon [_thread_in_native, id=21680, stack(0x0000000017590000,0x0000000017690000)]
  0x0000000015f3a000 JavaThread "Attach Listener" daemon [_thread_blocked, id=17548, stack(0x0000000017490000,0x0000000017590000)]
  0x0000000015f39000 JavaThread "Signal Dispatcher" daemon [_thread_blocked, id=15916, stack(0x0000000017390000,0x0000000017490000)]
  0x00000000025c9800 JavaThread "Finalizer" daemon [_thread_blocked, id=8620, stack(0x0000000017190000,0x0000000017290000)]
  0x0000000015f29000 JavaThread "Reference Handler" daemon [_thread_blocked, id=29864, stack(0x0000000017090000,0x0000000017190000)]
  0x000000000245d800 JavaThread "main" [_thread_blocked, id=28860, stack(0x00000000022e0000,0x00000000023e0000)]

Other Threads:
  0x0000000015f07800 VMThread [stack: 0x0000000016f90000,0x0000000017090000] [id=17504]
  0x00000000178a2000 WatcherThread [stack: 0x0000000017d90000,0x0000000017e90000] [id=2744]

VM state:not at safepoint (normal execution)

VM Mutex/Monitor currently owned by a thread: None

OutOfMemory and StackOverflow Exception counts:
OutOfMemoryError java_heap_errors=5

heap address: 0x00000000a0000000, size: 1536 MB, Compressed Oops mode: 32-bit
Narrow klass base: 0x0000000000000000, Narrow klass shift: 3
Compressed class space size: 1073741824 Address: 0x0000000100000000

Heap:
 PSYoungGen      total 84480K, used 79811K [0x00000000e0000000, 0x00000000e7400000, 0x0000000100000000)
  eden space 71680K, 97% used [0x00000000e0000000,0x00000000e4456770,0x00000000e4600000)
  from space 12800K, 76% used [0x00000000e4600000,0x00000000e4f9a768,0x00000000e5280000)
  to   space 12800K, 0% used [0x00000000e6780000,0x00000000e6780000,0x00000000e7400000)
 ParOldGen       total 128512K, used 15010K [0x00000000a0000000, 0x00000000a7d80000, 0x00000000e0000000)
  object space 128512K, 11% used [0x00000000a0000000,0x00000000a0ea8b58,0x00000000a7d80000)
 Metaspace       used 46770K, capacity 48000K, committed 48128K, reserved 1091584K
  class space    used 6276K, capacity 6607K, committed 6656K, reserved 1048576K

Card table byte_map: [0x0000000011990000,0x0000000011ca0000] byte_map_base: 0x0000000011490000

Marking Bits: (ParMarkBitMap*) 0x0000000063ea9f30
 Begin Bits: [0x00000000122a0000, 0x0000000013aa0000)
 End Bits:   [0x0000000013aa0000, 0x00000000152a0000)

Polling page: 0x0000000000ad0000

CodeCache: size=245760Kb used=14184Kb max_used=14184Kb free=231576Kb
 bounds [0x00000000025d0000, 0x00000000033c0000, 0x00000000115d0000]
 total_blobs=5033 nmethods=4275 adapters=671
 compilation: enabled

Compilation events (10 events):
Event: 51.323 Thread 0x0000000015f6a800 4703       3       org.gradle.internal.operations.DefaultBuildOperationExecutor::access$1100 (6 bytes)
Event: 51.324 Thread 0x0000000015f6a800 nmethod 4703 0x00000000033b2150 code [0x00000000033b2300, 0x00000000033b28a8]
Event: 51.331 Thread 0x0000000015f6a800 4705       3       java.lang.invoke.MethodHandleNatives::isCallerSensitive (29 bytes)
Event: 51.331 Thread 0x0000000015f6a800 nmethod 4705 0x00000000033b2c50 code [0x00000000033b2e00, 0x00000000033b34a8]
Event: 51.331 Thread 0x0000000015f6a800 4706       3       java.lang.invoke.MethodHandleNatives::canBeCalledVirtual (132 bytes)
Event: 51.332 Thread 0x0000000015f6a800 nmethod 4706 0x00000000033b3690 code [0x00000000033b3880, 0x00000000033b41b8]
Event: 51.332 Thread 0x0000000015f6a800 4707       1       java.lang.invoke.InnerClassLambdaMetafactory::access$200 (5 bytes)
Event: 51.332 Thread 0x0000000015f6a800 nmethod 4707 0x00000000033b4410 code [0x00000000033b4560, 0x00000000033b4650]
Event: 51.336 Thread 0x0000000015f6a800 4708       1       java.lang.invoke.InfoFromMemberName::getReferenceKind (5 bytes)
Event: 51.337 Thread 0x0000000015f6a800 nmethod 4708 0x00000000033b46d0 code [0x00000000033b4820, 0x00000000033b4930]

GC Heap History (10 events):
Event: 7.526 GC heap before
{Heap before GC invocations=7 (full 1):
 PSYoungGen      total 57344K, used 55707K [0x00000000e0000000, 0x00000000e5e80000, 0x0000000100000000)
  eden space 49152K, 100% used [0x00000000e0000000,0x00000000e3000000,0x00000000e3000000)
  from space 8192K, 80% used [0x00000000e3000000,0x00000000e3666ff0,0x00000000e3800000)
  to   space 12288K, 0% used [0x00000000e5280000,0x00000000e5280000,0x00000000e5e80000)
 ParOldGen       total 87040K, used 9885K [0x00000000a0000000, 0x00000000a5500000, 0x00000000e0000000)
  object space 87040K, 11% used [0x00000000a0000000,0x00000000a09a76a0,0x00000000a5500000)
 Metaspace       used 30442K, capacity 30918K, committed 31232K, reserved 1077248K
  class space    used 4145K, capacity 4300K, committed 4352K, reserved 1048576K
Event: 7.539 GC heap after
Heap after GC invocations=7 (full 1):
 PSYoungGen      total 83456K, used 6874K [0x00000000e0000000, 0x00000000e5d80000, 0x0000000100000000)
  eden space 72192K, 0% used [0x00000000e0000000,0x00000000e0000000,0x00000000e4680000)
  from space 11264K, 61% used [0x00000000e5280000,0x00000000e5936910,0x00000000e5d80000)
  to   space 11776K, 0% used [0x00000000e4680000,0x00000000e4680000,0x00000000e5200000)
 ParOldGen       total 87040K, used 9893K [0x00000000a0000000, 0x00000000a5500000, 0x00000000e0000000)
  object space 87040K, 11% used [0x00000000a0000000,0x00000000a09a96a0,0x00000000a5500000)
 Metaspace       used 30442K, capacity 30918K, committed 31232K, reserved 1077248K
  class space    used 4145K, capacity 4300K, committed 4352K, reserved 1048576K
}
Event: 10.220 GC heap before
{Heap before GC invocations=8 (full 1):
 PSYoungGen      total 83456K, used 79066K [0x00000000e0000000, 0x00000000e5d80000, 0x0000000100000000)
  eden space 72192K, 100% used [0x00000000e0000000,0x00000000e4680000,0x00000000e4680000)
  from space 11264K, 61% used [0x00000000e5280000,0x00000000e5936910,0x00000000e5d80000)
  to   space 11776K, 0% used [0x00000000e4680000,0x00000000e4680000,0x00000000e5200000)
 ParOldGen       total 87040K, used 9893K [0x00000000a0000000, 0x00000000a5500000, 0x00000000e0000000)
  object space 87040K, 11% used [0x00000000a0000000,0x00000000a09a96a0,0x00000000a5500000)
 Metaspace       used 34192K, capacity 34842K, committed 35200K, reserved 1079296K
  class space    used 4702K, capacity 4884K, committed 4992K, reserved 1048576K
Event: 10.246 GC heap after
Heap after GC invocations=8 (full 1):
 PSYoungGen      total 83968K, used 11169K [0x00000000e0000000, 0x00000000e5d80000, 0x0000000100000000)
  eden space 72192K, 0% used [0x00000000e0000000,0x00000000e0000000,0x00000000e4680000)
  from space 11776K, 94% used [0x00000000e4680000,0x00000000e5168630,0x00000000e5200000)
  to   space 11264K, 0% used [0x00000000e5280000,0x00000000e5280000,0x00000000e5d80000)
 ParOldGen       total 87040K, used 9901K [0x00000000a0000000, 0x00000000a5500000, 0x00000000e0000000)
  object space 87040K, 11% used [0x00000000a0000000,0x00000000a09ab6a0,0x00000000a5500000)
 Metaspace       used 34192K, capacity 34842K, committed 35200K, reserved 1079296K
  class space    used 4702K, capacity 4884K, committed 4992K, reserved 1048576K
}
Event: 48.476 GC heap before
{Heap before GC invocations=9 (full 1):
 PSYoungGen      total 83968K, used 24873K [0x00000000e0000000, 0x00000000e5d80000, 0x0000000100000000)
  eden space 72192K, 18% used [0x00000000e0000000,0x00000000e0d61ec8,0x00000000e4680000)
  from space 11776K, 94% used [0x00000000e4680000,0x00000000e5168630,0x00000000e5200000)
  to   space 11264K, 0% used [0x00000000e5280000,0x00000000e5280000,0x00000000e5d80000)
 ParOldGen       total 87040K, used 9901K [0x00000000a0000000, 0x00000000a5500000, 0x00000000e0000000)
  object space 87040K, 11% used [0x00000000a0000000,0x00000000a09ab6a0,0x00000000a5500000)
 Metaspace       used 34675K, capacity 35342K, committed 35456K, reserved 1079296K
  class space    used 4747K, capacity 4940K, committed 4992K, reserved 1048576K
Event: 48.499 GC heap after
Heap after GC invocations=9 (full 1):
 PSYoungGen      total 82944K, used 8768K [0x00000000e0000000, 0x00000000e7c80000, 0x0000000100000000)
  eden space 71680K, 0% used [0x00000000e0000000,0x00000000e0000000,0x00000000e4600000)
  from space 11264K, 77% used [0x00000000e5280000,0x00000000e5b10000,0x00000000e5d80000)
  to   space 12800K, 0% used [0x00000000e4600000,0x00000000e4600000,0x00000000e5280000)
 ParOldGen       total 87040K, used 9909K [0x00000000a0000000, 0x00000000a5500000, 0x00000000e0000000)
  object space 87040K, 11% used [0x00000000a0000000,0x00000000a09ad6a0,0x00000000a5500000)
 Metaspace       used 34675K, capacity 35342K, committed 35456K, reserved 1079296K
  class space    used 4747K, capacity 4940K, committed 4992K, reserved 1048576K
}
Event: 48.499 GC heap before
{Heap before GC invocations=10 (full 2):
 PSYoungGen      total 82944K, used 8768K [0x00000000e0000000, 0x00000000e7c80000, 0x0000000100000000)
  eden space 71680K, 0% used [0x00000000e0000000,0x00000000e0000000,0x00000000e4600000)
  from space 11264K, 77% used [0x00000000e5280000,0x00000000e5b10000,0x00000000e5d80000)
  to   space 12800K, 0% used [0x00000000e4600000,0x00000000e4600000,0x00000000e5280000)
 ParOldGen       total 87040K, used 9909K [0x00000000a0000000, 0x00000000a5500000, 0x00000000e0000000)
  object space 87040K, 11% used [0x00000000a0000000,0x00000000a09ad6a0,0x00000000a5500000)
 Metaspace       used 34675K, capacity 35342K, committed 35456K, reserved 1079296K
  class space    used 4747K, capacity 4940K, committed 4992K, reserved 1048576K
Event: 48.650 GC heap after
Heap after GC invocations=10 (full 2):
 PSYoungGen      total 82944K, used 0K [0x00000000e0000000, 0x00000000e7c80000, 0x0000000100000000)
  eden space 71680K, 0% used [0x00000000e0000000,0x00000000e0000000,0x00000000e4600000)
  from space 11264K, 0% used [0x00000000e5280000,0x00000000e5280000,0x00000000e5d80000)
  to   space 12800K, 0% used [0x00000000e4600000,0x00000000e4600000,0x00000000e5280000)
 ParOldGen       total 128512K, used 15002K [0x00000000a0000000, 0x00000000a7d80000, 0x00000000e0000000)
  object space 128512K, 11% used [0x00000000a0000000,0x00000000a0ea6b58,0x00000000a7d80000)
 Metaspace       used 34666K, capacity 35312K, committed 35456K, reserved 1079296K
  class space    used 4744K, capacity 4935K, committed 4992K, reserved 1048576K
}
Event: 50.142 GC heap before
{Heap before GC invocations=11 (full 2):
 PSYoungGen      total 82944K, used 71680K [0x00000000e0000000, 0x00000000e7c80000, 0x0000000100000000)
  eden space 71680K, 100% used [0x00000000e0000000,0x00000000e4600000,0x00000000e4600000)
  from space 11264K, 0% used [0x00000000e5280000,0x00000000e5280000,0x00000000e5d80000)
  to   space 12800K, 0% used [0x00000000e4600000,0x00000000e4600000,0x00000000e5280000)
 ParOldGen       total 128512K, used 15002K [0x00000000a0000000, 0x00000000a7d80000, 0x00000000e0000000)
  object space 128512K, 11% used [0x00000000a0000000,0x00000000a0ea6b58,0x00000000a7d80000)
 Metaspace       used 42731K, capacity 43654K, committed 44032K, reserved 1087488K
  class space    used 5752K, capacity 6017K, committed 6144K, reserved 1048576K
Event: 50.151 GC heap after
Heap after GC invocations=11 (full 2):
 PSYoungGen      total 84480K, used 9833K [0x00000000e0000000, 0x00000000e7400000, 0x0000000100000000)
  eden space 71680K, 0% used [0x00000000e0000000,0x00000000e0000000,0x00000000e4600000)
  from space 12800K, 76% used [0x00000000e4600000,0x00000000e4f9a768,0x00000000e5280000)
  to   space 12800K, 0% used [0x00000000e6780000,0x00000000e6780000,0x00000000e7400000)
 ParOldGen       total 128512K, used 15010K [0x00000000a0000000, 0x00000000a7d80000, 0x00000000e0000000)
  object space 128512K, 11% used [0x00000000a0000000,0x00000000a0ea8b58,0x00000000a7d80000)
 Metaspace       used 42731K, capacity 43654K, committed 44032K, reserved 1087488K
  class space    used 5752K, capacity 6017K, committed 6144K, reserved 1048576K
}

Deoptimization events (10 events):
Event: 50.262 Thread 0x00000000192be000 Uncommon trap: reason=unstable_if action=reinterpret pc=0x0000000002f69d54 method=java.util.jar.JarFile.maybeInstantiateVerifier()V @ 4
Event: 50.264 Thread 0x00000000192be000 Uncommon trap: reason=unstable_if action=reinterpret pc=0x0000000002a9a9b0 method=java.util.jar.JarFile.maybeInstantiateVerifier()V @ 4
Event: 50.264 Thread 0x00000000192be000 Uncommon trap: reason=unstable_if action=reinterpret pc=0x000000000300eaf0 method=java.security.CodeSource.<init>(Ljava/net/URL;[Ljava/security/CodeSigner;)V @ 25
Event: 50.267 Thread 0x00000000192be000 Uncommon trap: reason=unstable_if action=reinterpret pc=0x0000000002b8e1ec method=java.security.CodeSource.getCertificates()[Ljava/security/cert/Certificate; @ 22
Event: 50.268 Thread 0x00000000192be000 Uncommon trap: reason=unstable_if action=reinterpret pc=0x00000000031628fc method=java.security.CodeSource.matchCerts(Ljava/security/CodeSource;Z)Z @ 11
Event: 50.312 Thread 0x00000000192be000 Uncommon trap: reason=unstable_if action=reinterpret pc=0x000000000270083c method=java.util.LinkedHashMap.get(Ljava/lang/Object;)Ljava/lang/Object; @ 20
Event: 50.411 Thread 0x00000000192be000 Uncommon trap: reason=unstable_if action=reinterpret pc=0x0000000002e61ee8 method=org.objectweb.asm.ByteVector.putUTF8(Ljava/lang/String;)Lorg/objectweb/asm/ByteVector; @ 93
Event: 50.582 Thread 0x00000000192be000 Uncommon trap: reason=null_check action=make_not_entrant pc=0x00000000031ed818 method=java.lang.ThreadLocal$ThreadLocalMap.getEntryAfterMiss(Ljava/lang/ThreadLocal;ILjava/lang/ThreadLocal$ThreadLocalMap$Entry;)Ljava/lang/ThreadLocal$ThreadLocalMap$Entry; 
Event: 50.870 Thread 0x00000000192be000 Uncommon trap: reason=unstable_if action=reinterpret pc=0x0000000002e55c20 method=org.gradle.internal.reflect.PropertyAccessorType.of(Ljava/lang/reflect/Method;)Lorg/gradle/internal/reflect/PropertyAccessorType; @ 56
Event: 51.247 Thread 0x00000000192be000 Uncommon trap: reason=unstable_if action=reinterpret pc=0x0000000003204970 method=org.gradle.internal.instantiation.AbstractClassGenerator$InjectionAnnotationValidator.validateMethod(Ljava/lang/reflect/Method;Lorg/gradle/internal/reflect/PropertyAccessorT

Classes redefined (0 events):
No events

Internal exceptions (10 events):
Event: 51.103 Thread 0x00000000192be000 Exception <a 'java/lang/ClassNotFoundException': build_d8z09dugxsnm5ko98k3ewvid5$_run_closure1BeanInfo> (0x00000000e39cfaf0) thrown at [D:\src\AOSP-openjdk-cygwin\jdk8u\hotspot\src\share\vm\classfile\systemDictionary.cpp, line 210]
Event: 51.103 Thread 0x00000000192be000 Exception <a 'java/lang/ClassNotFoundException': build_d8z09dugxsnm5ko98k3ewvid5$_run_closure1Customizer> (0x00000000e39e0970) thrown at [D:\src\AOSP-openjdk-cygwin\jdk8u\hotspot\src\share\vm\classfile\systemDictionary.cpp, line 210]
Event: 51.146 Thread 0x00000000192be000 Exception <a 'java/lang/ClassNotFoundException': org/gradle/api/internal/file/collections/DefaultConfigurableFileTreeBeanInfo> (0x00000000e3b81cd0) thrown at [D:\src\AOSP-openjdk-cygwin\jdk8u\hotspot\src\share\vm\classfile\systemDictionary.cpp, line 210]
Event: 51.147 Thread 0x00000000192be000 Exception <a 'java/lang/ClassNotFoundException': org/gradle/api/internal/file/CompositeFileTreeBeanInfo> (0x00000000e3bb55e8) thrown at [D:\src\AOSP-openjdk-cygwin\jdk8u\hotspot\src\share\vm\classfile\systemDictionary.cpp, line 210]
Event: 51.148 Thread 0x00000000192be000 Exception <a 'java/lang/ClassNotFoundException': org/gradle/api/internal/file/CompositeFileCollectionBeanInfo> (0x00000000e3becd10) thrown at [D:\src\AOSP-openjdk-cygwin\jdk8u\hotspot\src\share\vm\classfile\systemDictionary.cpp, line 210]
Event: 51.149 Thread 0x00000000192be000 Exception <a 'java/lang/ClassNotFoundException': org/gradle/api/internal/file/AbstractFileCollectionBeanInfo> (0x00000000e3c24590) thrown at [D:\src\AOSP-openjdk-cygwin\jdk8u\hotspot\src\share\vm\classfile\systemDictionary.cpp, line 210]
Event: 51.149 Thread 0x00000000192be000 Exception <a 'java/lang/ClassNotFoundException': org/gradle/api/internal/file/AbstractFileCollectionCustomizer> (0x00000000e3c5c8d0) thrown at [D:\src\AOSP-openjdk-cygwin\jdk8u\hotspot\src\share\vm\classfile\systemDictionary.cpp, line 210]
Event: 51.151 Thread 0x00000000192be000 Exception <a 'java/lang/ClassNotFoundException': org/gradle/api/internal/file/CompositeFileCollectionCustomizer> (0x00000000e3ca2e70) thrown at [D:\src\AOSP-openjdk-cygwin\jdk8u\hotspot\src\share\vm\classfile\systemDictionary.cpp, line 210]
Event: 51.152 Thread 0x00000000192be000 Exception <a 'java/lang/ClassNotFoundException': org/gradle/api/internal/file/CompositeFileTreeCustomizer> (0x00000000e3ce7228) thrown at [D:\src\AOSP-openjdk-cygwin\jdk8u\hotspot\src\share\vm\classfile\systemDictionary.cpp, line 210]
Event: 51.153 Thread 0x00000000192be000 Exception <a 'java/lang/ClassNotFoundException': org/gradle/api/internal/file/collections/DefaultConfigurableFileTreeCustomizer> (0x00000000e3d34cc8) thrown at [D:\src\AOSP-openjdk-cygwin\jdk8u\hotspot\src\share\vm\classfile\systemDictionary.cpp, line 210

Events (10 events):
Event: 51.347 loading class org/xml/sax/DTDHandler
Event: 51.347 loading class org/xml/sax/DTDHandler done
Event: 51.347 loading class org/xml/sax/ContentHandler
Event: 51.347 loading class org/xml/sax/ContentHandler done
Event: 51.347 loading class org/xml/sax/ErrorHandler
Event: 51.347 loading class org/xml/sax/ErrorHandler done
Event: 51.347 loading class org/xml/sax/helpers/DefaultHandler done
Event: 51.347 loading class com/android/builder/core/DefaultManifestParser$1
Event: 51.347 loading class com/android/builder/core/DefaultManifestParser$1 done
Event: 51.348 loading class javax/xml/parsers/SAXParserFactory


Dynamic libraries:
0x00007ff613330000 - 0x00007ff613361000 	C:\Android\Android Studio\jre\bin\java.exe
0x00007ffe2f120000 - 0x00007ffe2f310000 	C:\WINDOWS\SYSTEM32\ntdll.dll
0x00007ffe2d8c0000 - 0x00007ffe2d972000 	C:\WINDOWS\System32\KERNEL32.DLL
0x00007ffe2ce10000 - 0x00007ffe2d0b3000 	C:\WINDOWS\System32\KERNELBASE.dll
0x00007ffe2d360000 - 0x00007ffe2d403000 	C:\WINDOWS\System32\ADVAPI32.dll
0x00007ffe2d1a0000 - 0x00007ffe2d23e000 	C:\WINDOWS\System32\msvcrt.dll
0x00007ffe2f010000 - 0x00007ffe2f0a7000 	C:\WINDOWS\System32\sechost.dll
0x00007ffe2d240000 - 0x00007ffe2d360000 	C:\WINDOWS\System32\RPCRT4.dll
0x00007ffe2eba0000 - 0x00007ffe2ed34000 	C:\WINDOWS\System32\USER32.dll
0x00007ffe2c5e0000 - 0x00007ffe2c601000 	C:\WINDOWS\System32\win32u.dll
0x00007ffe2e700000 - 0x00007ffe2e726000 	C:\WINDOWS\System32\GDI32.dll
0x00007ffe2c1d0000 - 0x00007ffe2c364000 	C:\WINDOWS\System32\gdi32full.dll
0x00007ffe2c420000 - 0x00007ffe2c4be000 	C:\WINDOWS\System32\msvcp_win.dll
0x00007ffe2c4e0000 - 0x00007ffe2c5da000 	C:\WINDOWS\System32\ucrtbase.dll
0x00007ffe1c2f0000 - 0x00007ffe1c575000 	C:\WINDOWS\WinSxS\amd64_microsoft.windows.common-controls_6595b64144ccf1df_6.0.18362.778_none_e6c6b761130d4fb8\COMCTL32.dll
0x00007ffe2e330000 - 0x00007ffe2e666000 	C:\WINDOWS\System32\combase.dll
0x00007ffe2cd90000 - 0x00007ffe2ce10000 	C:\WINDOWS\System32\bcryptPrimitives.dll
0x00007ffe2ef70000 - 0x00007ffe2ef9e000 	C:\WINDOWS\System32\IMM32.DLL
0x0000000063570000 - 0x0000000063642000 	C:\Android\Android Studio\jre\jre\bin\msvcr100.dll
0x00000000636e0000 - 0x0000000063f26000 	C:\Android\Android Studio\jre\jre\bin\server\jvm.dll
0x00007ffe2e6f0000 - 0x00007ffe2e6f8000 	C:\WINDOWS\System32\PSAPI.DLL
0x00007ffe24a50000 - 0x00007ffe24a5a000 	C:\WINDOWS\SYSTEM32\VERSION.dll
0x00007ffe14400000 - 0x00007ffe14409000 	C:\WINDOWS\SYSTEM32\WSOCK32.dll
0x00007ffe27970000 - 0x00007ffe27994000 	C:\WINDOWS\SYSTEM32\WINMM.dll
0x00007ffe2d6b0000 - 0x00007ffe2d71f000 	C:\WINDOWS\System32\WS2_32.dll
0x00007ffe27a80000 - 0x00007ffe27aad000 	C:\WINDOWS\SYSTEM32\winmmbase.dll
0x00007ffe2c370000 - 0x00007ffe2c3ba000 	C:\WINDOWS\System32\cfgmgr32.dll
0x00007ffe27d60000 - 0x00007ffe27d6f000 	C:\Android\Android Studio\jre\jre\bin\verify.dll
0x00007ffdfd690000 - 0x00007ffdfd6b9000 	C:\Android\Android Studio\jre\jre\bin\java.dll
0x00007ffdfd670000 - 0x00007ffdfd686000 	C:\Android\Android Studio\jre\jre\bin\zip.dll
0x00007ffe2d980000 - 0x00007ffe2e065000 	C:\WINDOWS\System32\SHELL32.dll
0x00007ffe2e0d0000 - 0x00007ffe2e179000 	C:\WINDOWS\System32\shcore.dll
0x00007ffe2c610000 - 0x00007ffe2cd90000 	C:\WINDOWS\System32\windows.storage.dll
0x00007ffe2c050000 - 0x00007ffe2c073000 	C:\WINDOWS\System32\profapi.dll
0x00007ffe2c000000 - 0x00007ffe2c04a000 	C:\WINDOWS\System32\powrprof.dll
0x00007ffe2bfb0000 - 0x00007ffe2bfc0000 	C:\WINDOWS\System32\UMPDC.dll
0x00007ffe2d570000 - 0x00007ffe2d5c2000 	C:\WINDOWS\System32\shlwapi.dll
0x00007ffe2bfe0000 - 0x00007ffe2bff1000 	C:\WINDOWS\System32\kernel.appcore.dll
0x00007ffe2c4c0000 - 0x00007ffe2c4d7000 	C:\WINDOWS\System32\cryptsp.dll
0x00007ffdfc920000 - 0x00007ffdfc93a000 	C:\Android\Android Studio\jre\jre\bin\net.dll
0x00007ffe2b820000 - 0x00007ffe2b887000 	C:\WINDOWS\system32\mswsock.dll
0x00007ffdfc680000 - 0x00007ffdfc691000 	C:\Android\Android Studio\jre\jre\bin\nio.dll
0x00007ffdec5e0000 - 0x00007ffdec606000 	C:\Users\HP\.gradle\native\29\windows-amd64\native-platform.dll
0x00007ffe1d940000 - 0x00007ffe1d94d000 	C:\Android\Android Studio\jre\jre\bin\management.dll
0x00007ffe2b390000 - 0x00007ffe2b3c3000 	C:\WINDOWS\system32\rsaenh.dll
0x00007ffe2d170000 - 0x00007ffe2d196000 	C:\WINDOWS\System32\bcrypt.dll
0x00007ffe2bed0000 - 0x00007ffe2bef5000 	C:\WINDOWS\SYSTEM32\USERENV.dll
0x00007ffe2b9f0000 - 0x00007ffe2b9fc000 	C:\WINDOWS\SYSTEM32\CRYPTBASE.dll
0x00007ffe2b530000 - 0x00007ffe2b56a000 	C:\WINDOWS\SYSTEM32\IPHLPAPI.DLL
0x00007ffe2d490000 - 0x00007ffe2d498000 	C:\WINDOWS\System32\NSI.dll
0x00007ffe21800000 - 0x00007ffe21816000 	C:\WINDOWS\SYSTEM32\dhcpcsvc6.DLL
0x00007ffe217e0000 - 0x00007ffe217fc000 	C:\WINDOWS\SYSTEM32\dhcpcsvc.DLL
0x00007ffe2b570000 - 0x00007ffe2b63a000 	C:\WINDOWS\SYSTEM32\DNSAPI.dll

VM Arguments:
jvm_args: -Xmx1536m -Dfile.encoding=windows-1252 -Duser.country=US -Duser.language=en -Duser.variant 
java_command: org.gradle.launcher.daemon.bootstrap.GradleDaemon 5.4.1
java_class_path (initial): C:\Users\HP\.gradle\wrapper\dists\gradle-5.4.1-all\3221gyojl5jsh0helicew7rwx\gradle-5.4.1\lib\gradle-launcher-5.4.1.jar
Launcher Type: SUN_STANDARD

Environment Variables:
PATH=C:\Program Files (x86)\Common Files\Oracle\Java\javapath;C:\Program Files\Java\jdk1.8.0_211\bin;C:\DevSuiteHome_2\jdk\jre\bin\classic;C:\DevSuiteHome_2\jdk\jre\bin;C:\DevSuiteHome_2\jdk\jre\bin\client;C:\DevSuiteHome_2\jlib;C:\DevSuiteHome_2\bin;C:\DevSuiteHome_2\jre\1.4.2\bin;C:\ProgramData\Oracle\Java\javapath;C:\windows\system32;C:\windows;C:\windows\System32\Wbem;C:\windows\System32\WindowsPowerShell\v1.0\;C:\Program Files (x86)\NVIDIA Corporation\PhysX\Common;C:\WINDOWS\system32;C:\WINDOWS;C:\WINDOWS\System32\Wbem;C:\WINDOWS\System32\WindowsPowerShell\v1.0\;C:\WINDOWS\System32\OpenSSH\;C:\Program Files (x86)\Microsoft SQL Server\150\DTS\Binn\;C:\Users\HP\AppData\Local\Android\Sdk\platform-tools;C:\flutter\bin;C:\nodejs\;C:\Program Files\Git\cmd;C:\Program Files\Intel\WiFi\bin\;C:\Program Files\Common Files\Intel\WirelessCommon\;C:\Program Files (x86)\Intel\Intel(R) Management Engine Components\DAL;C:\Program Files\Intel\Intel(R) Management Engine Components\DAL;C:\Python\Python37;C:\Program Files\MySQL\MySQL Shell 8.0\bin\;C:\Microsoft VS Code\bin;C:\Users\HP\AppData\Roaming\npm;%USERPROFILE%\AppData\Local\Microsoft\WindowsApps;
USERNAME=HP
OS=Windows_NT
PROCESSOR_IDENTIFIER=Intel64 Family 6 Model 142 Stepping 9, GenuineIntel



---------------  S Y S T E M  ---------------

OS: Windows 10.0 , 64 bit Build 18362 (10.0.18362.778)

CPU:total 4 (initial active 4) (2 cores per cpu, 2 threads per core) family 6 model 142 stepping 9, cmov, cx8, fxsr, mmx, sse, sse2, sse3, ssse3, sse4.1, sse4.2, popcnt, avx, avx2, aes, clmul, erms, 3dnowpref, lzcnt, ht, tsc, tscinvbit, bmi1, bmi2, adx

Memory: 4k page, physical 12452516k(1055856k free), swap 18596516k(4812k free)

vm_info: OpenJDK 64-Bit Server VM (25.202-b03) for windows-amd64 JRE (1.8.0_202-release-1483-b03), built by "builder" with MS VC++ 10.0 (VS2010)

time: Fri May 29 14:24:08 2020
timezone: India Standard Time
elapsed time: 51 seconds (0d 0h 0m 51s)

